  Building Custom Rule C:/Users/Kalle/Desktop/Terra/deps/portaudio/CMakeLists.txt
  pa_allocation.c
  pa_converters.c
  pa_cpuload.c
  pa_debugprint.c
  pa_dither.c
  pa_front.c
  pa_process.c
  pa_ringbuffer.c
  pa_stream.c
  pa_trace.c
  pa_hostapi_skeleton.c
  pa_win_hostapis.c
  pa_win_util.c
  pa_win_waveformat.c
  pa_win_wdmks_utils.c
  pa_win_coinitialize.c
  pa_x86_plain_converters.c
  pa_win_wmme.c
  pa_win_wdmks.c
  Generating Code...
     Creating library C:/Users/Kalle/Desktop/Terra/deps/portaudio/build/Release/portaudio_x86.lib and object C:/Users/Kalle/Desktop/Terra/deps/portaudio/build/Release/portaudio_x86.exp
  portaudio.vcxproj -> C:\Users\Kalle\Desktop\Terra\deps\portaudio\build\Release\portaudio_x86.dll
